{
  "RSpec": {
    "coverage": {
      "/home/sauld/computer_programming/CS169/1/hw5/rottenpotatoes/app/helpers/application_helper.rb": [
        1,
        null
      ],
      "/home/sauld/computer_programming/CS169/1/hw5/rottenpotatoes/app/helpers/movies_helper.rb": [
        1,
        null,
        1,
        0,
        null,
        null
      ],
      "/home/sauld/computer_programming/CS169/1/hw5/rottenpotatoes/app/controllers/movies_controller.rb": [
        1,
        null,
        1,
        4,
        null,
        null,
        1,
        2,
        2,
        null,
        null,
        null,
        1,
        3,
        3,
        null,
        1,
        null,
        1,
        null,
        3,
        3,
        null,
        3,
        18,
        null,
        null,
        3,
        2,
        2,
        2,
        null,
        1,
        null,
        null,
        1,
        null,
        null,
        null,
        1,
        2,
        2,
        2,
        null,
        null,
        1,
        0,
        null,
        null,
        1,
        2,
        2,
        2,
        2,
        null,
        null,
        1,
        2,
        2,
        2,
        2,
        null,
        null,
        1,
        3,
        3,
        2,
        2,
        null,
        3,
        null,
        null,
        null
      ],
      "/home/sauld/computer_programming/CS169/1/hw5/rottenpotatoes/app/controllers/application_controller.rb": [
        1,
        1,
        null
      ],
      "/home/sauld/computer_programming/CS169/1/hw5/rottenpotatoes/app/models/movie.rb": [
        1,
        1,
        3,
        null,
        null,
        null,
        null,
        1,
        0,
        0,
        0,
        null,
        null,
        null,
        null
      ]
    },
    "timestamp": 1499165020
  },
  "Cucumber Features": {
    "coverage": {
      "/home/sauld/computer_programming/CS169/1/hw5/rottenpotatoes/app/models/movie.rb": [
        1,
        1,
        1,
        null,
        null,
        null,
        null,
        1,
        2,
        2,
        1,
        null,
        null,
        null,
        null
      ],
      "/home/sauld/computer_programming/CS169/1/hw5/rottenpotatoes/app/controllers/movies_controller.rb": [
        1,
        null,
        1,
        1,
        null,
        null,
        1,
        4,
        4,
        null,
        null,
        null,
        1,
        1,
        1,
        null,
        0,
        null,
        0,
        null,
        1,
        1,
        null,
        1,
        6,
        null,
        null,
        1,
        0,
        0,
        0,
        null,
        1,
        null,
        null,
        1,
        null,
        null,
        null,
        1,
        0,
        0,
        0,
        null,
        null,
        1,
        1,
        null,
        null,
        1,
        1,
        1,
        1,
        1,
        null,
        null,
        1,
        0,
        0,
        0,
        0,
        null,
        null,
        1,
        2,
        2,
        1,
        1,
        null,
        2,
        null,
        null,
        null
      ],
      "/home/sauld/computer_programming/CS169/1/hw5/rottenpotatoes/app/controllers/application_controller.rb": [
        1,
        1,
        null
      ],
      "/home/sauld/computer_programming/CS169/1/hw5/rottenpotatoes/app/helpers/application_helper.rb": [
        1,
        null
      ],
      "/home/sauld/computer_programming/CS169/1/hw5/rottenpotatoes/app/helpers/movies_helper.rb": [
        1,
        null,
        1,
        0,
        null,
        null
      ]
    },
    "timestamp": 1499165032
  }
}
